<?xml version="1.0" encoding="UTF-8"?>
<!-- Generated by org.testng.reporters.JUnitReportReporter -->
<testsuite hostname="manjaro" name="testclasses.rep.VoteRegistrationSingleTest" tests="2" failures="0" timestamp="16 Mar 2017 08:31:52 GMT" time="5.487" errors="0">
  <testcase name="voteRegistrationLoadPageTest" time="3.463" classname="testclasses.rep.VoteRegistrationSingleTest"/>
  <testcase name="voteRegistrationForSingleTest" time="2.024" classname="testclasses.rep.VoteRegistrationSingleTest"/>
</testsuite> <!-- testclasses.rep.VoteRegistrationSingleTest -->
