<?xml version="1.0" encoding="UTF-8"?>
<!-- Generated by org.testng.reporters.JUnitReportReporter -->
<testsuite hostname="manjaro" name="smoketest.AdminSmokeTest" tests="9" failures="0" timestamp="16 Mar 2017 08:26:58 GMT" time="8.270" errors="0">
  <testcase name="testAdminChangePasswordPage" time="0.166" classname="smoketest.AdminSmokeTest"/>
  <testcase name="testCandidateUploadSinglePage" time="0.399" classname="smoketest.AdminSmokeTest"/>
  <testcase name="testAdminLogOut" time="2.688" classname="smoketest.AdminSmokeTest"/>
  <testcase name="testLoginPage" time="2.464" classname="smoketest.AdminSmokeTest"/>
  <testcase name="testCandidateUploadMultiPage" time="0.241" classname="smoketest.AdminSmokeTest"/>
  <testcase name="testAdminResultsPage" time="0.242" classname="smoketest.AdminSmokeTest"/>
  <testcase name="testPartyPage" time="0.122" classname="smoketest.AdminSmokeTest"/>
  <testcase name="testHomePage" time="1.690" classname="smoketest.AdminSmokeTest"/>
  <testcase name="testConstituencyDistrict" time="0.258" classname="smoketest.AdminSmokeTest"/>
</testsuite> <!-- smoketest.AdminSmokeTest -->
