<?xml version="1.0" encoding="UTF-8"?>
<!-- Generated by org.testng.reporters.JUnitReportReporter -->
<testsuite hostname="manjaro" name="testclasses.admin.ReprentativeTest" tests="6" failures="0" timestamp="16 Mar 2017 08:31:52 GMT" time="16.678" errors="0">
  <testcase name="deleteRepresntativeTest" time="1.065" classname="testclasses.admin.ReprentativeTest"/>
  <testcase name="reprentativeLoadPageTest" time="4.098" classname="testclasses.admin.ReprentativeTest"/>
  <testcase name="reprentativeLoadPageTest" time="4.197" classname="testclasses.admin.ReprentativeTest"/>
  <testcase name="addNewReprentativeTest" time="2.885" classname="testclasses.admin.ReprentativeTest"/>
  <testcase name="reprentativeLoadPageTest" time="4.207" classname="testclasses.admin.ReprentativeTest"/>
  <testcase name="correctPreviewTest" time="0.226" classname="testclasses.admin.ReprentativeTest"/>
</testsuite> <!-- testclasses.admin.ReprentativeTest -->
