<?xml version="1.0" encoding="UTF-8"?>
<!-- Generated by org.testng.reporters.JUnitReportReporter -->
<testsuite hostname="manjaro" name="testclasses.rep.VoteRegistrationMultiTest" tests="2" failures="0" timestamp="16 Mar 2017 08:31:52 GMT" time="5.185" errors="0">
  <testcase name="voteRegistrationForMultiTest" time="1.945" classname="testclasses.rep.VoteRegistrationMultiTest"/>
  <testcase name="voteRegistrationLoadPageTest" time="3.240" classname="testclasses.rep.VoteRegistrationMultiTest"/>
</testsuite> <!-- testclasses.rep.VoteRegistrationMultiTest -->
