<?xml version="1.0" encoding="UTF-8"?>
<!-- Generated by org.testng.reporters.JUnitReportReporter -->
<testsuite hostname="arnoldasurbelis-VirtualBox" name="testclasses.rep.VoteRegistrationMultiTest" tests="2" failures="0" timestamp="15 Mar 2017 10:58:19 GMT" time="5.511" errors="0">
  <testcase name="voteRegistrationForMultiTest" time="2.130" classname="testclasses.rep.VoteRegistrationMultiTest"/>
  <testcase name="voteRegistrationLoadPageTest" time="3.381" classname="testclasses.rep.VoteRegistrationMultiTest"/>
</testsuite> <!-- testclasses.rep.VoteRegistrationMultiTest -->
