<?xml version="1.0" encoding="UTF-8"?>
<!-- Generated by org.testng.reporters.JUnitReportReporter -->
<testsuite hostname="manjaro" name="testclasses.FirstTest" tests="1" failures="0" timestamp="10 Mar 2017 18:28:22 GMT" time="9.053" errors="0">
  <testcase name="testLoginPage" time="9.053" classname="testclasses.FirstTest"/>
</testsuite> <!-- testclasses.FirstTest -->
