<?xml version="1.0" encoding="UTF-8"?>
<!-- Generated by org.testng.reporters.JUnitReportReporter -->
<testsuite hostname="manjaro" name="testclasses.admin.CsvUploadMultiTest" tests="13" failures="0" timestamp="16 Mar 2017 08:31:52 GMT" time="28.987" errors="0">
  <testcase name="csvUploadCommasTest" time="4.350" classname="testclasses.admin.CsvUploadMultiTest"/>
  <testcase name="csvUploadLoadPageTest" time="3.942" classname="testclasses.admin.CsvUploadMultiTest"/>
  <testcase name="csvUploadSimcolonTest" time="4.467" classname="testclasses.admin.CsvUploadMultiTest"/>
  <testcase name="csvUploadLoadPageTest" time="4.026" classname="testclasses.admin.CsvUploadMultiTest"/>
  <testcase name="csvUploadButtonTest" time="0.777" classname="testclasses.admin.CsvUploadMultiTest"/>
  <testcase name="csvUploadButtonTest" time="0.754" classname="testclasses.admin.CsvUploadMultiTest"/>
  <testcase name="csvPreviewListWithCandidatesDisplayedTest" time="0.019" classname="testclasses.admin.CsvUploadMultiTest"/>
  <testcase name="csvPreviewButtonTest" time="0.839" classname="testclasses.admin.CsvUploadMultiTest"/>
  <testcase name="csvPreviewButtonTest" time="0.810" classname="testclasses.admin.CsvUploadMultiTest"/>
  <testcase name="csvUploadLoadPageTest" time="4.105" classname="testclasses.admin.CsvUploadMultiTest"/>
  <testcase name="csvPreviewCancelButtonTest" time="0.304" classname="testclasses.admin.CsvUploadMultiTest"/>
  <testcase name="csvDeleteCandidatesTest" time="0.752" classname="testclasses.admin.CsvUploadMultiTest"/>
  <testcase name="csvUploadLoadPageTest" time="3.842" classname="testclasses.admin.CsvUploadMultiTest"/>
</testsuite> <!-- testclasses.admin.CsvUploadMultiTest -->
