<?xml version="1.0" encoding="UTF-8"?>
<!-- Generated by org.testng.reporters.JUnitReportReporter -->
<testsuite hostname="arnoldasurbelis-VirtualBox" name="testclasses._public.PublicResultsMultiTest" tests="3" failures="0" timestamp="15 Mar 2017 10:58:19 GMT" time="3.810" errors="0">
  <testcase name="resultPreviewForMultiConsituencyDistrictTest" time="0.296" classname="testclasses._public.PublicResultsMultiTest"/>
  <testcase name="resultPreviewMultiTest" time="2.636" classname="testclasses._public.PublicResultsMultiTest"/>
  <testcase name="resultPreviewForMultiConsituencyTest" time="0.878" classname="testclasses._public.PublicResultsMultiTest"/>
</testsuite> <!-- testclasses._public.PublicResultsMultiTest -->
