<?xml version="1.0" encoding="UTF-8"?>
<!-- Generated by org.testng.reporters.JUnitReportReporter -->
<testsuite hostname="arnoldasurbelis-VirtualBox" name="testclasses.admin.CsvUploadMultiTest" tests="3" failures="0" timestamp="15 Mar 2017 11:14:20 GMT" time="13.540" errors="0">
  <testcase name="csvUploadButtonTest" time="0.772" classname="testclasses.admin.CsvUploadMultiTest"/>
  <testcase name="csvUploadCommasTest" time="6.396" classname="testclasses.admin.CsvUploadMultiTest"/>
  <testcase name="csvUploadLoadPageTest" time="6.372" classname="testclasses.admin.CsvUploadMultiTest"/>
</testsuite> <!-- testclasses.admin.CsvUploadMultiTest -->
