<?xml version="1.0" encoding="UTF-8"?>
<!-- Generated by org.testng.reporters.JUnitReportReporter -->
<testsuite hostname="arnoldasurbelis-VirtualBox" name="testclasses.admin.DistrictTest" tests="5" failures="0" timestamp="15 Mar 2017 10:58:19 GMT" time="10.959" errors="0">
  <testcase name="addNewDistrictButtonTest" time="0.145" classname="testclasses.admin.DistrictTest"/>
  <testcase name="districtLoadPageTest" time="4.122" classname="testclasses.admin.DistrictTest"/>
  <testcase name="removeDistrictTest" time="1.527" classname="testclasses.admin.DistrictTest"/>
  <testcase name="addNewConstituencyTest" time="0.890" classname="testclasses.admin.DistrictTest"/>
  <testcase name="districtLoadPageTest" time="4.275" classname="testclasses.admin.DistrictTest"/>
</testsuite> <!-- testclasses.admin.DistrictTest -->
