<?xml version="1.0" encoding="UTF-8"?>
<!-- Generated by org.testng.reporters.JUnitReportReporter -->
<testsuite hostname="manjaro" name="testclasses.admin.CsvUploadSingleTest" tests="13" failures="0" timestamp="16 Mar 2017 08:31:52 GMT" time="29.778" errors="0">
  <testcase name="csvUploadLoadPageTest" time="3.882" classname="testclasses.admin.CsvUploadSingleTest"/>
  <testcase name="csvPreviewButtonTest" time="0.832" classname="testclasses.admin.CsvUploadSingleTest"/>
  <testcase name="csvDeleteCandidatesTest" time="0.740" classname="testclasses.admin.CsvUploadSingleTest"/>
  <testcase name="csvUploadSimcolonTest" time="4.517" classname="testclasses.admin.CsvUploadSingleTest"/>
  <testcase name="csvPreviewCancelButtonTest" time="0.282" classname="testclasses.admin.CsvUploadSingleTest"/>
  <testcase name="csvUploadLoadPageTest" time="4.934" classname="testclasses.admin.CsvUploadSingleTest"/>
  <testcase name="csvUploadLoadPageTest" time="3.943" classname="testclasses.admin.CsvUploadSingleTest"/>
  <testcase name="csvUploadButtonTest" time="0.776" classname="testclasses.admin.CsvUploadSingleTest"/>
  <testcase name="csvUploadButtonTest" time="0.795" classname="testclasses.admin.CsvUploadSingleTest"/>
  <testcase name="csvUploadCommasTest" time="4.386" classname="testclasses.admin.CsvUploadSingleTest"/>
  <testcase name="csvPreviewListWithCandidatesDisplayedTest" time="0.028" classname="testclasses.admin.CsvUploadSingleTest"/>
  <testcase name="csvUploadLoadPageTest" time="3.830" classname="testclasses.admin.CsvUploadSingleTest"/>
  <testcase name="csvPreviewButtonTest" time="0.833" classname="testclasses.admin.CsvUploadSingleTest"/>
</testsuite> <!-- testclasses.admin.CsvUploadSingleTest -->
