<?xml version="1.0" encoding="UTF-8"?>
<!-- Generated by org.testng.reporters.JUnitReportReporter -->
<testsuite hostname="manjaro" name="testclasses.admin.DistrictTest" tests="5" failures="0" timestamp="16 Mar 2017 08:31:52 GMT" time="11.017" errors="0">
  <testcase name="addNewDistrictButtonTest" time="0.174" classname="testclasses.admin.DistrictTest"/>
  <testcase name="removeDistrictTest" time="1.467" classname="testclasses.admin.DistrictTest"/>
  <testcase name="districtLoadPageTest" time="4.372" classname="testclasses.admin.DistrictTest"/>
  <testcase name="districtLoadPageTest" time="4.102" classname="testclasses.admin.DistrictTest"/>
  <testcase name="addNewConstituencyTest" time="0.902" classname="testclasses.admin.DistrictTest"/>
</testsuite> <!-- testclasses.admin.DistrictTest -->
