<?xml version="1.0" encoding="UTF-8"?>
<!-- Generated by org.testng.reporters.JUnitReportReporter -->
<testsuite hostname="manjaro" name="smoketest.RespresentativeSmokeTest" tests="6" failures="0" timestamp="16 Mar 2017 08:28:18 GMT" time="6.098" errors="0">
  <testcase name="testRepresentativeVoteRegistrationSingle" time="0.237" classname="smoketest.RespresentativeSmokeTest"/>
  <testcase name="testRepresentativeChangePasswordPage" time="0.240" classname="smoketest.RespresentativeSmokeTest"/>
  <testcase name="testRepresentativeHomePage" time="0.871" classname="smoketest.RespresentativeSmokeTest"/>
  <testcase name="testLoginPage" time="2.281" classname="smoketest.RespresentativeSmokeTest"/>
  <testcase name="testRepresentativeVoteRegistrationMulti" time="0.260" classname="smoketest.RespresentativeSmokeTest"/>
  <testcase name="testRepresentativeLogOut" time="2.209" classname="smoketest.RespresentativeSmokeTest"/>
</testsuite> <!-- smoketest.RespresentativeSmokeTest -->
