<?xml version="1.0" encoding="UTF-8"?>
<!-- Generated by org.testng.reporters.JUnitReportReporter -->
<testsuite hostname="arnoldasurbelis-VirtualBox" name="testclasses._public.PublicResultsSingleTest" tests="3" failures="0" timestamp="15 Mar 2017 10:58:18 GMT" time="4.147" errors="0">
  <testcase name="resultPreviewForSingleConsituencyDistrictTest" time="0.443" classname="testclasses._public.PublicResultsSingleTest"/>
  <testcase name="resultPreviewForSingleConsituencyTest" time="0.894" classname="testclasses._public.PublicResultsSingleTest"/>
  <testcase name="resultPreviewSingleTest" time="2.810" classname="testclasses._public.PublicResultsSingleTest"/>
</testsuite> <!-- testclasses._public.PublicResultsSingleTest -->
