<?xml version="1.0" encoding="UTF-8"?>
<!-- Generated by org.testng.reporters.JUnitReportReporter -->
<testsuite hostname="manjaro" name="testclasses.admin.ConstituencyTest" tests="5" failures="0" timestamp="16 Mar 2017 08:31:52 GMT" time="9.847" errors="0">
  <testcase name="constituencyLoadPageTest" time="3.889" classname="testclasses.admin.ConstituencyTest"/>
  <testcase name="removeConstituencyTest" time="1.614" classname="testclasses.admin.ConstituencyTest"/>
  <testcase name="addNewConstituencyButtonTest" time="0.152" classname="testclasses.admin.ConstituencyTest"/>
  <testcase name="addNewConstituencyTest" time="0.500" classname="testclasses.admin.ConstituencyTest"/>
  <testcase name="constituencyLoadPageTest" time="3.692" classname="testclasses.admin.ConstituencyTest"/>
</testsuite> <!-- testclasses.admin.ConstituencyTest -->
