<?xml version="1.0" encoding="UTF-8"?>
<!-- Generated by org.testng.reporters.JUnitReportReporter -->
<testsuite hostname="manjaro" name="testclasses._public.PublicResultsSingleTest" tests="3" failures="0" timestamp="16 Mar 2017 08:31:52 GMT" time="4.852" errors="0">
  <testcase name="resultPreviewSingleTest" time="2.226" classname="testclasses._public.PublicResultsSingleTest"/>
  <testcase name="resultPreviewForSingleConsituencyTest" time="1.355" classname="testclasses._public.PublicResultsSingleTest"/>
  <testcase name="resultPreviewForSingleConsituencyDistrictTest" time="1.271" classname="testclasses._public.PublicResultsSingleTest"/>
</testsuite> <!-- testclasses._public.PublicResultsSingleTest -->
