<?xml version="1.0" encoding="UTF-8"?>
<!-- Generated by org.testng.reporters.JUnitReportReporter -->
<testsuite hostname="manjaro" name="testclasses.rep.RepresentativeLoginTest" tests="2" failures="0" timestamp="16 Mar 2017 08:31:52 GMT" time="4.557" errors="0">
  <testcase name="testLoginPage" time="1.481" classname="testclasses.rep.RepresentativeLoginTest"/>
  <testcase name="testLoginPage" time="3.076" classname="testclasses.rep.RepresentativeLoginTest"/>
</testsuite> <!-- testclasses.rep.RepresentativeLoginTest -->
