<?xml version="1.0" encoding="UTF-8"?>
<!-- Generated by org.testng.reporters.JUnitReportReporter -->
<testsuite hostname="manjaro" name="testclasses.admin.AdminLoginTest" tests="3" failures="0" timestamp="16 Mar 2017 08:31:52 GMT" time="6.829" errors="0">
  <testcase name="testLoginPage" time="1.552" classname="testclasses.admin.AdminLoginTest"/>
  <testcase name="testLoginPage" time="3.843" classname="testclasses.admin.AdminLoginTest"/>
  <testcase name="testLoginPage" time="1.434" classname="testclasses.admin.AdminLoginTest"/>
</testsuite> <!-- testclasses.admin.AdminLoginTest -->
