<?xml version="1.0" encoding="UTF-8"?>
<!-- Generated by org.testng.reporters.JUnitReportReporter -->
<testsuite hostname="manjaro" name="testclasses.ExampleTest" tests="1" failures="0" timestamp="8 Mar 2017 18:27:37 GMT" time="8.175" errors="0">
  <testcase name="searchTest" time="8.175" classname="testclasses.ExampleTest"/>
</testsuite> <!-- testclasses.ExampleTest -->
