<?xml version="1.0" encoding="UTF-8"?>
<!-- Generated by org.testng.reporters.JUnitReportReporter -->
<testsuite hostname="manjaro" name="testclasses.testseimas" tests="1" failures="0" timestamp="8 Mar 2017 20:25:35 GMT" time="10.757" errors="0">
  <testcase name="searchTest" time="10.757" classname="testclasses.testseimas"/>
</testsuite> <!-- testclasses.testseimas -->
