<?xml version="1.0" encoding="UTF-8"?>
<!-- Generated by org.testng.reporters.JUnitReportReporter -->
<testsuite hostname="arnoldasurbelis-VirtualBox" name="testclasses.rep.RepresentativeLoginTest" tests="2" failures="0" timestamp="15 Mar 2017 10:58:19 GMT" time="5.007" errors="0">
  <testcase name="testLoginPage" time="1.549" classname="testclasses.rep.RepresentativeLoginTest"/>
  <testcase name="testLoginPage" time="3.458" classname="testclasses.rep.RepresentativeLoginTest"/>
</testsuite> <!-- testclasses.rep.RepresentativeLoginTest -->
