<?xml version="1.0" encoding="UTF-8"?>
<!-- Generated by org.testng.reporters.JUnitReportReporter -->
<testsuite hostname="arnoldasurbelis-VirtualBox" name="testclasses.rep.VoteRegistrationSingleTest" tests="2" failures="0" timestamp="15 Mar 2017 10:58:19 GMT" time="5.430" errors="0">
  <testcase name="voteRegistrationForSingleTest" time="2.131" classname="testclasses.rep.VoteRegistrationSingleTest"/>
  <testcase name="voteRegistrationLoadPageTest" time="3.299" classname="testclasses.rep.VoteRegistrationSingleTest"/>
</testsuite> <!-- testclasses.rep.VoteRegistrationSingleTest -->
