<?xml version="1.0" encoding="UTF-8"?>
<!-- Generated by org.testng.reporters.JUnitReportReporter -->
<testsuite hostname="arnoldasurbelis-VirtualBox" name="testclasses.admin.ConstituencyTest" tests="5" failures="0" timestamp="15 Mar 2017 10:58:19 GMT" time="10.127" errors="0">
  <testcase name="addNewConstituencyButtonTest" time="0.154" classname="testclasses.admin.ConstituencyTest"/>
  <testcase name="removeConstituencyTest" time="1.522" classname="testclasses.admin.ConstituencyTest"/>
  <testcase name="constituencyLoadPageTest" time="4.034" classname="testclasses.admin.ConstituencyTest"/>
  <testcase name="addNewConstituencyTest" time="0.461" classname="testclasses.admin.ConstituencyTest"/>
  <testcase name="constituencyLoadPageTest" time="3.956" classname="testclasses.admin.ConstituencyTest"/>
</testsuite> <!-- testclasses.admin.ConstituencyTest -->
