<?xml version="1.0" encoding="UTF-8"?>
<!-- Generated by org.testng.reporters.JUnitReportReporter -->
<testsuite hostname="manjaro" name="testclasses.PartiesTest" tests="4" failures="0" timestamp="12 Mar 2017 16:51:28 GMT" time="5.033" errors="0">
  <testcase name="districtLoadPageTest" time="2.956" classname="testclasses.PartiesTest"/>
  <testcase name="addNewPartyTest" time="0.559" classname="testclasses.PartiesTest"/>
  <testcase name="removePartyTest" time="1.369" classname="testclasses.PartiesTest"/>
  <testcase name="addPartyButtonTest" time="0.149" classname="testclasses.PartiesTest"/>
</testsuite> <!-- testclasses.PartiesTest -->
