<?xml version="1.0" encoding="UTF-8"?>
<!-- Generated by org.testng.reporters.JUnitReportReporter -->
<testsuite hostname="manjaro" name="testclasses.admin.PartiesTest" tests="5" failures="0" timestamp="16 Mar 2017 08:31:52 GMT" time="10.086" errors="0">
  <testcase name="partyLoadPageTest" time="3.833" classname="testclasses.admin.PartiesTest"/>
  <testcase name="addNewPartyTest" time="0.717" classname="testclasses.admin.PartiesTest"/>
  <testcase name="removePartyTest" time="1.503" classname="testclasses.admin.PartiesTest"/>
  <testcase name="partyLoadPageTest" time="3.781" classname="testclasses.admin.PartiesTest"/>
  <testcase name="addPartyButtonTest" time="0.252" classname="testclasses.admin.PartiesTest"/>
</testsuite> <!-- testclasses.admin.PartiesTest -->
