<?xml version="1.0" encoding="UTF-8"?>
<!-- Generated by org.testng.reporters.JUnitReportReporter -->
<testsuite hostname="manjaro" name="testclasses.AdminLoginTest" tests="4" failures="0" timestamp="13 Mar 2017 09:43:50 GMT" time="6.158" errors="0">
  <testcase name="testLoginPage" time="3.228" classname="testclasses.AdminLoginTest"/>
  <testcase name="loginPageTest" time="0.301" classname="testclasses.AdminLoginTest"/>
  <testcase name="testLoginPage" time="1.314" classname="testclasses.AdminLoginTest"/>
  <testcase name="testLoginPage" time="1.315" classname="testclasses.AdminLoginTest"/>
</testsuite> <!-- testclasses.AdminLoginTest -->
