<?xml version="1.0" encoding="UTF-8"?>
<!-- Generated by org.testng.reporters.JUnitReportReporter -->
<testsuite hostname="arnoldasurbelis-VirtualBox" name="testclasses.admin.ReprentativeTest" tests="6" failures="0" timestamp="15 Mar 2017 10:58:19 GMT" time="16.858" errors="0">
  <testcase name="reprentativeLoadPageTest" time="4.303" classname="testclasses.admin.ReprentativeTest"/>
  <testcase name="addNewReprentativeTest" time="2.725" classname="testclasses.admin.ReprentativeTest"/>
  <testcase name="reprentativeLoadPageTest" time="4.297" classname="testclasses.admin.ReprentativeTest"/>
  <testcase name="deleteRepresntativeTest" time="1.185" classname="testclasses.admin.ReprentativeTest"/>
  <testcase name="reprentativeLoadPageTest" time="4.155" classname="testclasses.admin.ReprentativeTest"/>
  <testcase name="correctPreviewTest" time="0.193" classname="testclasses.admin.ReprentativeTest"/>
</testsuite> <!-- testclasses.admin.ReprentativeTest -->
