<?xml version="1.0" encoding="UTF-8"?>
<!-- Generated by org.testng.reporters.JUnitReportReporter -->
<testsuite hostname="manjaro" name="testclasses.LoginTest" tests="3" failures="0" timestamp="12 Mar 2017 12:45:02 GMT" time="3.775" errors="0">
  <testcase name="loginPageTest" time="0.325" classname="testclasses.LoginTest"/>
  <testcase name="testLoginPage" time="0.741" classname="testclasses.LoginTest"/>
  <testcase name="testLoginPage" time="2.709" classname="testclasses.LoginTest"/>
</testsuite> <!-- testclasses.LoginTest -->
