<?xml version="1.0" encoding="UTF-8"?>
<!-- Generated by org.testng.reporters.JUnitReportReporter -->
<testsuite hostname="manjaro" name="testclasses.ConstituencyAddNewTest" tests="1" failures="0" timestamp="11 Mar 2017 09:58:48 GMT" time="3.263" errors="0">
  <testcase name="constituencyAddNewPageTest" time="3.263" classname="testclasses.ConstituencyAddNewTest"/>
</testsuite> <!-- testclasses.ConstituencyAddNewTest -->
