<?xml version="1.0" encoding="UTF-8"?>
<!-- Generated by org.testng.reporters.JUnitReportReporter -->
<testsuite hostname="arnoldasurbelis-VirtualBox" name="testclasses.admin.AdminLoginTest" tests="3" failures="0" timestamp="15 Mar 2017 10:58:19 GMT" time="6.959" errors="0">
  <testcase name="testLoginPage" time="1.407" classname="testclasses.admin.AdminLoginTest"/>
  <testcase name="testLoginPage" time="4.147" classname="testclasses.admin.AdminLoginTest"/>
  <testcase name="testLoginPage" time="1.405" classname="testclasses.admin.AdminLoginTest"/>
</testsuite> <!-- testclasses.admin.AdminLoginTest -->
