<?xml version="1.0" encoding="UTF-8"?>
<!-- Generated by org.testng.reporters.JUnitReportReporter -->
<testsuite hostname="manjaro" name="testclasses.DistrictTest" tests="4" failures="0" timestamp="12 Mar 2017 16:21:24 GMT" time="5.798" errors="0">
  <testcase name="addNewDistrictButtonTest" time="0.141" classname="testclasses.DistrictTest"/>
  <testcase name="districtLoadPageTest" time="3.230" classname="testclasses.DistrictTest"/>
  <testcase name="removeDistrictTest" time="1.409" classname="testclasses.DistrictTest"/>
  <testcase name="addNewConstituencyTest" time="1.018" classname="testclasses.DistrictTest"/>
</testsuite> <!-- testclasses.DistrictTest -->
