<?xml version="1.0" encoding="UTF-8"?>
<!-- Generated by org.testng.reporters.JUnitReportReporter -->
<testsuite hostname="manjaro" name="testclasses._public.CandidateSearchTest" tests="6" failures="0" timestamp="16 Mar 2017 08:31:52 GMT" time="3.333" errors="0">
  <testcase name="candidateSearchLoadPageTest" time="2.070" classname="testclasses._public.CandidateSearchTest"/>
  <testcase name="candidateSearchByNameTest" time="0.365" classname="testclasses._public.CandidateSearchTest"/>
  <testcase name="candidateSearchByAbbreviationTest" time="0.170" classname="testclasses._public.CandidateSearchTest"/>
  <testcase name="candidateSearchByPartyTest" time="0.299" classname="testclasses._public.CandidateSearchTest"/>
  <testcase name="candidateSearchByConstituencyTest" time="0.196" classname="testclasses._public.CandidateSearchTest"/>
  <testcase name="candidateSearchBySurnameTest" time="0.233" classname="testclasses._public.CandidateSearchTest"/>
</testsuite> <!-- testclasses._public.CandidateSearchTest -->
