<?xml version="1.0" encoding="UTF-8"?>
<!-- Generated by org.testng.reporters.JUnitReportReporter -->
<testsuite hostname="arnoldasurbelis-VirtualBox" name="testclasses.admin.PartiesTest" tests="5" failures="0" timestamp="15 Mar 2017 10:58:19 GMT" time="10.046" errors="0">
  <testcase name="addNewPartyTest" time="0.624" classname="testclasses.admin.PartiesTest"/>
  <testcase name="partyLoadPageTest" time="3.852" classname="testclasses.admin.PartiesTest"/>
  <testcase name="removePartyTest" time="1.494" classname="testclasses.admin.PartiesTest"/>
  <testcase name="addPartyButtonTest" time="0.238" classname="testclasses.admin.PartiesTest"/>
  <testcase name="partyLoadPageTest" time="3.838" classname="testclasses.admin.PartiesTest"/>
</testsuite> <!-- testclasses.admin.PartiesTest -->
