<?xml version="1.0" encoding="UTF-8"?>
<!-- Generated by org.testng.reporters.JUnitReportReporter -->
<testsuite hostname="manjaro" name="testclasses._public.PublicResultsMultiTest" tests="3" failures="0" timestamp="16 Mar 2017 08:31:52 GMT" time="5.145" errors="0">
  <testcase name="resultPreviewForMultiConsituencyTest" time="1.389" classname="testclasses._public.PublicResultsMultiTest"/>
  <testcase name="resultPreviewMultiTest" time="2.469" classname="testclasses._public.PublicResultsMultiTest"/>
  <testcase name="resultPreviewForMultiConsituencyDistrictTest" time="1.287" classname="testclasses._public.PublicResultsMultiTest"/>
</testsuite> <!-- testclasses._public.PublicResultsMultiTest -->
