<?xml version="1.0" encoding="UTF-8"?>
<!-- Generated by org.testng.reporters.JUnitReportReporter -->
<testsuite hostname="manjaro" name="testclasses.admin.AdminResultsTest" tests="2" failures="0" timestamp="14 Mar 2017 11:52:58 GMT" time="5.090" errors="0">
  <testcase name="resultsLoadPageTest" time="4.902" classname="testclasses.admin.AdminResultsTest"/>
  <testcase name="constituencyLoadPageForSelectedConstituencyTest" time="0.188" classname="testclasses.admin.AdminResultsTest"/>
</testsuite> <!-- testclasses.admin.AdminResultsTest -->
