<?xml version="1.0" encoding="UTF-8"?>
<!-- Generated by org.testng.reporters.JUnitReportReporter -->
<testsuite hostname="manjaro" name="testclasses.ReprentativeTest" tests="2" failures="0" timestamp="13 Mar 2017 21:18:26 GMT" time="6.194" errors="0">
  <testcase name="addReprentativeLoadPageTest" time="3.827" classname="testclasses.ReprentativeTest"/>
  <testcase name="addNewReprentativeTest" time="2.367" classname="testclasses.ReprentativeTest"/>
</testsuite> <!-- testclasses.ReprentativeTest -->
