<?xml version="1.0" encoding="UTF-8"?>
<!-- Generated by org.testng.reporters.JUnitReportReporter -->
<testsuite hostname="manjaro" name="testclasses.admin.AdminLoginTest" tests="3" failures="0" timestamp="15 Mar 2017 13:30:45 GMT" time="6.341" errors="0">
  <testcase name="testLoginPage" time="1.372" classname="testclasses.admin.AdminLoginTest"/>
  <testcase name="testLoginPage" time="1.335" classname="testclasses.admin.AdminLoginTest"/>
  <testcase name="testLoginPage" time="3.634" classname="testclasses.admin.AdminLoginTest"/>
</testsuite> <!-- testclasses.admin.AdminLoginTest -->
